Build started 22/05/2011 12:19:47.
     1>Project "C:\Users\user\Downloads\cryptopp561\TestProject1\TestProject1.vcxproj" on node 2 (build target(s)).
     1>PrepareForBuild:
         Creating directory "C:\Users\user\Downloads\cryptopp561\Release\".
       InitializeBuildStatus:
         Creating "Release\TestProject1.unsuccessfulbuild" because "AlwaysCreate" was specified.
       GenerateTargetFrameworkMonikerAttribute:
       Skipping target "GenerateTargetFrameworkMonikerAttribute" because all output files are up-to-date with respect to the input files.
       ClCompile:
         C:\Program Files (x86)\Microsoft Visual Studio 10.0\VC\bin\CL.exe /c /AI"C:\Program Files (x86)\Reference Assemblies\Microsoft\Framework\.NETFramework\v4.0" /Zi /clr:safe /nologo /W3 /WX- /O2 /Oy- /D WIN32 /D NDEBUG /D _WINDLL /D _UNICODE /D UNICODE /EHa /MD /GS /fp:precise /Zc:wchar_t /Zc:forScope /Yc"StdAfx.h" /Fp"Release\DefaultTest.pch" /Fo"Release\\" /Fd"Release\vc100.pdb" /TP /FU"C:\Program Files (x86)\Microsoft Visual Studio 10.0\Common7\IDE\PublicAssemblies\Microsoft.VisualStudio.QualityTools.UnitTestFramework.dll" /FU"C:\Program Files (x86)\Reference Assemblies\Microsoft\Framework\.NETFramework\v4.0\System.Core.dll" /FU"C:\Program Files (x86)\Reference Assemblies\Microsoft\Framework\.NETFramework\v4.0\System.Data.dll" /FU"C:\Program Files (x86)\Reference Assemblies\Microsoft\Framework\.NETFramework\v4.0\System.dll" /FU"C:\Program Files (x86)\Reference Assemblies\Microsoft\Framework\.NETFramework\v4.0\System.Xml.dll" /analyze- /errorReport:prompt stdafx.cpp /clr:nostdlib 
         stdafx.cpp
         C:\Program Files (x86)\Microsoft Visual Studio 10.0\VC\bin\CL.exe /c /AI"C:\Program Files (x86)\Reference Assemblies\Microsoft\Framework\.NETFramework\v4.0" /Zi /clr:safe /nologo /W3 /WX- /O2 /Oy- /D WIN32 /D NDEBUG /D _WINDLL /D _UNICODE /D UNICODE /EHa /MD /GS /fp:precise /Zc:wchar_t /Zc:forScope /Yu"StdAfx.h" /Fp"Release\DefaultTest.pch" /Fo"Release\\" /Fd"Release\vc100.pdb" /TP /FU"C:\Program Files (x86)\Microsoft Visual Studio 10.0\Common7\IDE\PublicAssemblies\Microsoft.VisualStudio.QualityTools.UnitTestFramework.dll" /FU"C:\Program Files (x86)\Reference Assemblies\Microsoft\Framework\.NETFramework\v4.0\System.Core.dll" /FU"C:\Program Files (x86)\Reference Assemblies\Microsoft\Framework\.NETFramework\v4.0\System.Data.dll" /FU"C:\Program Files (x86)\Reference Assemblies\Microsoft\Framework\.NETFramework\v4.0\System.dll" /FU"C:\Program Files (x86)\Reference Assemblies\Microsoft\Framework\.NETFramework\v4.0\System.Xml.dll" /analyze- /errorReport:prompt AssemblyInfo.cpp UnitTest1.cpp /clr:nostdlib 
         AssemblyInfo.cpp
         UnitTest1.cpp
     1>UnitTest1.cpp(17): error C2065: 'cout' : undeclared identifier
     1>UnitTest1.cpp(18): error C2065: 'AutoSeededRandomPool' : undeclared identifier
     1>UnitTest1.cpp(18): error C2146: syntax error : missing ';' before identifier 'rng'
     1>UnitTest1.cpp(18): error C2065: 'rng' : undeclared identifier
     1>UnitTest1.cpp(19): error C2065: 'TrapdoorFunction' : undeclared identifier
     1>UnitTest1.cpp(19): error C2065: 'rabin' : undeclared identifier
     1>UnitTest1.cpp(19): error C2061: syntax error : identifier 'InvertibleRabinFunction'
     1>UnitTest1.cpp(20): error C2065: 'InvertibleRabinFunction' : undeclared identifier
     1>UnitTest1.cpp(20): error C2059: syntax error : ')'
     1>UnitTest1.cpp(21): error C2065: 'Integer' : undeclared identifier
     1>UnitTest1.cpp(21): error C2146: syntax error : missing ';' before identifier 'x'
     1>UnitTest1.cpp(21): error C2065: 'x' : undeclared identifier
     1>UnitTest1.cpp(22): error C2065: 'Integer' : undeclared identifier
     1>UnitTest1.cpp(22): error C2146: syntax error : missing ';' before identifier 'compute'
     1>UnitTest1.cpp(22): error C2065: 'compute' : undeclared identifier
     1>UnitTest1.cpp(22): error C2065: 'TrapdoorFunction' : undeclared identifier
     1>UnitTest1.cpp(22): error C2059: syntax error : ')'
     1>UnitTest1.cpp(23): error C2065: 'Integer' : undeclared identifier
     1>UnitTest1.cpp(23): error C2146: syntax error : missing ';' before identifier 'invert'
     1>UnitTest1.cpp(23): error C2065: 'invert' : undeclared identifier
     1>UnitTest1.cpp(23): error C2065: 'TrapdoorFunctionInverse' : undeclared identifier
     1>UnitTest1.cpp(23): error C2059: syntax error : ')'
     1>UnitTest1.cpp(24): error C2065: 'cout' : undeclared identifier
     1>UnitTest1.cpp(24): error C2065: 'x' : undeclared identifier
     1>UnitTest1.cpp(25): error C2065: 'cout' : undeclared identifier
     1>UnitTest1.cpp(25): error C2065: 'compute' : undeclared identifier
     1>UnitTest1.cpp(26): error C2065: 'cout' : undeclared identifier
     1>UnitTest1.cpp(26): error C2065: 'invert' : undeclared identifier
         Generating Code...
     1>Done Building Project "C:\Users\user\Downloads\cryptopp561\TestProject1\TestProject1.vcxproj" (build target(s)) -- FAILED.

Build FAILED.

Time Elapsed 00:00:01.06
